<?xml version="1.0" encoding="UTF-8"?>
<coverage generated="1726316740023" clover="3.2.0">
  <project timestamp="1726316740023" name="All files">
    <metrics statements="23" coveredstatements="23" conditionals="2" coveredconditionals="2" methods="9" coveredmethods="9" elements="34" coveredelements="34" complexity="0" loc="23" ncloc="23" packages="1" files="1" classes="1"/>
    <file name="store.js" path="/home/phuong/test-nvm/chapter-11/step0/store.js">
      <metrics statements="23" coveredstatements="23" conditionals="2" coveredconditionals="2" methods="9" coveredmethods="9"/>
      <line num="4" count="1" type="stmt"/>
      <line num="6" count="8" type="stmt"/>
      <line num="8" count="1" type="stmt"/>
      <line num="9" count="16" type="stmt"/>
      <line num="10" count="16" type="stmt"/>
      <line num="13" count="1" type="stmt"/>
      <line num="15" count="1" type="stmt"/>
      <line num="16" count="5" type="stmt"/>
      <line num="17" count="10" type="stmt"/>
      <line num="20" count="1" type="stmt"/>
      <line num="21" count="2" type="stmt"/>
      <line num="22" count="2" type="stmt"/>
      <line num="23" count="2" type="stmt"/>
      <line num="24" count="2" type="stmt"/>
      <line num="27" count="1" type="stmt"/>
      <line num="28" count="3" type="stmt"/>
      <line num="29" count="3" type="stmt"/>
      <line num="30" count="6" type="cond" truecount="2" falsecount="0"/>
      <line num="32" count="4" type="stmt"/>
      <line num="34" count="3" type="stmt"/>
      <line num="37" count="1" type="stmt"/>
      <line num="38" count="3" type="stmt"/>
      <line num="39" count="6" type="stmt"/>
    </file>
  </project>
</coverage>
