{"/home/phuong/test-nvm/chapter-11/step0/store.js": {"path":"/home/phuong/test-nvm/chapter-11/step0/store.js","statementMap":{"0":{"start":{"line":4,"column":17},"end":{"line":4,"column":52}},"1":{"start":{"line":6,"column":20},"end":{"line":6,"column":74}},"2":{"start":{"line":6,"column":30},"end":{"line":6,"column":74}},"3":{"start":{"line":8,"column":17},"end":{"line":11,"column":1}},"4":{"start":{"line":9,"column":15},"end":{"line":9,"column":51}},"5":{"start":{"line":10,"column":2},"end":{"line":10,"column":26}},"6":{"start":{"line":13,"column":15},"end":{"line":13,"column":23}},"7":{"start":{"line":15,"column":16},"end":{"line":18,"column":1}},"8":{"start":{"line":16,"column":15},"end":{"line":16,"column":31}},"9":{"start":{"line":17,"column":2},"end":{"line":17,"column":45}},"10":{"start":{"line":17,"column":29},"end":{"line":17,"column":43}},"11":{"start":{"line":20,"column":15},"end":{"line":25,"column":1}},"12":{"start":{"line":21,"column":15},"end":{"line":21,"column":31}},"13":{"start":{"line":22,"column":18},"end":{"line":22,"column":50}},"14":{"start":{"line":23,"column":2},"end":{"line":23,"column":42}},"15":{"start":{"line":24,"column":2},"end":{"line":24,"column":17}},"16":{"start":{"line":27,"column":19},"end":{"line":35,"column":1}},"17":{"start":{"line":28,"column":15},"end":{"line":28,"column":31}},"18":{"start":{"line":29,"column":18},"end":{"line":33,"column":4}},"19":{"start":{"line":30,"column":4},"end":{"line":30,"column":58}},"20":{"start":{"line":30,"column":27},"end":{"line":30,"column":58}},"21":{"start":{"line":32,"column":4},"end":{"line":32,"column":19}},"22":{"start":{"line":34,"column":2},"end":{"line":34,"column":29}},"23":{"start":{"line":37,"column":19},"end":{"line":40,"column":1}},"24":{"start":{"line":38,"column":15},"end":{"line":38,"column":31}},"25":{"start":{"line":39,"column":2},"end":{"line":39,"column":59}},"26":{"start":{"line":39,"column":42},"end":{"line":39,"column":56}}},"fnMap":{"0":{"name":"(anonymous_0)","decl":{"start":{"line":6,"column":20},"end":{"line":6,"column":21}},"loc":{"start":{"line":6,"column":30},"end":{"line":6,"column":74}},"line":6},"1":{"name":"(anonymous_1)","decl":{"start":{"line":8,"column":17},"end":{"line":8,"column":18}},"loc":{"start":{"line":8,"column":29},"end":{"line":11,"column":1}},"line":8},"2":{"name":"(anonymous_2)","decl":{"start":{"line":15,"column":16},"end":{"line":15,"column":17}},"loc":{"start":{"line":15,"column":30},"end":{"line":18,"column":1}},"line":15},"3":{"name":"(anonymous_3)","decl":{"start":{"line":17,"column":19},"end":{"line":17,"column":20}},"loc":{"start":{"line":17,"column":29},"end":{"line":17,"column":43}},"line":17},"4":{"name":"(anonymous_4)","decl":{"start":{"line":20,"column":15},"end":{"line":20,"column":16}},"loc":{"start":{"line":20,"column":34},"end":{"line":25,"column":1}},"line":20},"5":{"name":"(anonymous_5)","decl":{"start":{"line":27,"column":19},"end":{"line":27,"column":20}},"loc":{"start":{"line":27,"column":42},"end":{"line":35,"column":1}},"line":27},"6":{"name":"(anonymous_6)","decl":{"start":{"line":29,"column":27},"end":{"line":29,"column":28}},"loc":{"start":{"line":29,"column":40},"end":{"line":33,"column":3}},"line":29},"7":{"name":"(anonymous_7)","decl":{"start":{"line":37,"column":19},"end":{"line":37,"column":20}},"loc":{"start":{"line":37,"column":33},"end":{"line":40,"column":1}},"line":37},"8":{"name":"(anonymous_8)","decl":{"start":{"line":39,"column":32},"end":{"line":39,"column":33}},"loc":{"start":{"line":39,"column":42},"end":{"line":39,"column":56}},"line":39}},"branchMap":{"0":{"loc":{"start":{"line":30,"column":4},"end":{"line":30,"column":58}},"type":"if","locations":[{"start":{"line":30,"column":4},"end":{"line":30,"column":58}},{"start":{},"end":{}}],"line":30}},"s":{"0":1,"1":1,"2":8,"3":1,"4":16,"5":16,"6":1,"7":1,"8":5,"9":5,"10":10,"11":1,"12":2,"13":2,"14":2,"15":2,"16":1,"17":3,"18":3,"19":6,"20":2,"21":4,"22":3,"23":1,"24":3,"25":3,"26":6},"f":{"0":8,"1":16,"2":5,"3":10,"4":2,"5":3,"6":6,"7":3,"8":6},"b":{"0":[2,4]},"_coverageSchema":"1a1c01bbd47fc00a2c39e90264f33305004495a9","hash":"640f9a4ae199fbc90cd3b2e501abb55a5d613d31"}
}
