TN:
SF:store.js
FN:6,(anonymous_0)
FN:8,(anonymous_1)
FN:15,(anonymous_2)
FN:17,(anonymous_3)
FN:20,(anonymous_4)
FN:27,(anonymous_5)
FN:29,(anonymous_6)
FN:37,(anonymous_7)
FN:39,(anonymous_8)
FNF:9
FNH:9
FNDA:8,(anonymous_0)
FNDA:16,(anonymous_1)
FNDA:5,(anonymous_2)
FNDA:10,(anonymous_3)
FNDA:2,(anonymous_4)
FNDA:3,(anonymous_5)
FNDA:6,(anonymous_6)
FNDA:3,(anonymous_7)
FNDA:6,(anonymous_8)
DA:4,1
DA:6,8
DA:8,1
DA:9,16
DA:10,16
DA:13,1
DA:15,1
DA:16,5
DA:17,10
DA:20,1
DA:21,2
DA:22,2
DA:23,2
DA:24,2
DA:27,1
DA:28,3
DA:29,3
DA:30,6
DA:32,4
DA:34,3
DA:37,1
DA:38,3
DA:39,6
LF:23
LH:23
BRDA:30,0,0,2
BRDA:30,0,1,4
BRF:2
BRH:2
end_of_record
